ages        4   10  mendatar
ago         6   11  mendatar
agreement   6   1   mendatar
aisle       3   1   mendatar
ales        10  1   mendatar
ammo        10  1   menurun
are         6   1   menurun
aria        1   2   menurun
atlases     1   4   menurun
atone       5   9   menurun
ceo         2   7   mendatar
crate       2   1   mendatar
eon         1   9   menurun
era         2   11  mendatar
errs        10  13  menurun
ese         13  5   mendatar
ess         9   4   menurun
etc         8   1   mendatar
gasp        1   3   menurun
gee         6   12  menurun
get         6   2   menurun
hue         10  6   mendatar
ire         8   8   menurun
irs         12  5   mendatar
lead        10  2   menurun
lie         11  5   menurun
mat         12  1   mendatar
measles     11  1   mendatar
mousse      8   7   menurun
napa        4   1   mendatar
neaten      1   8   menurun
nominated   8   5   mendatar
octane      1   7   menurun
odd         6   13  menurun
ode         13  1   mendatar
ogle        10  11  menurun
one         1   7   mendatar
others      8   6   menurun
owned       7   9   mendatar
press       13  9   mendatar
recreate    6   3   menurun
reese       7   1   mendatar
restorer    9   3   mendatar
rose        10  10  mendatar
sagas       1   1   mendatar
scan        1   1   menurun
seas        10  12  menurun
see         1   5   menurun
sergeant    1   11  menurun
solar       12  9   mendatar
stoneage    5   4   mendatar
sty         1   11  mendatar
tag         3   10  menurun
tantrum     3   7   mendatar
tat         4   6   mendatar
teens       5   5   menurun
tiger       11  9   mendatar
tom         4   6   menurun
true        1   12  menurun
tsp         11  9   menurun
warrior     7   10  menurun
yams        1   13  menurun